2025-05-12::23:34:54::004	GetEligibleDriverDetailsSize                      :56  		Get eligible drivers Size started---------------------

2025-05-12::23:34:54::016	ADDL::getURLVersionJSON                           :2187	DEBUG	No Server Ip found

2025-05-12::23:34:54::016	ADDL::getURLVersionJSON                           :2198	DEBUG	No Servertype found

2025-05-12::23:34:54::017	getNewComponentsDetailsJsonURL                    :35  	DEBUG	No Server Ip found

2025-05-12::23:34:54::017	getNewComponentsDetailsJsonURL                    :43  	DEBUG	No Servertype found

2025-05-12::23:34:54::019	performNewComponentsJsonDownload                  :2039	DEBUG	Successfully waited for new data

2025-05-12::23:34:54::019	getNewComponentsDetailsJsonURL                    :35  	DEBUG	No Server Ip found

2025-05-12::23:34:54::019	getNewComponentsDetailsJsonURL                    :43  	DEBUG	No Servertype found

2025-05-12::23:34:54::019	ADDL::checkURLFormat                              :74  	DEBUG	No serverIp is found

2025-05-12::23:34:54::020	ADDL::downloadFileFromInternetIfUpdateAvaliable   :1607	DEBUG	hconnet - /drivers/installer/json/NewComponents.json

2025-05-12::23:34:54::020	ADDL::downloadFileFromInternetIfUpdateAvaliable   :1617	DEBUG	Setting INTERNET_OPTION_RECEIVE_TIMEOUT to 90000 milliseconds: Result = 1 0

2025-05-12::23:34:54::020	ADDL::downloadFileFromInternetIfUpdateAvaliable   :1621	DEBUG	Setting INTERNET_OPTION_SEND_TIMEOUT to 30000 milliseconds: Result = 1 0

2025-05-12::23:34:54::020	ADDL::downloadFileFromInternetIfUpdateAvaliable   :1623	DEBUG	Setting INTERNET_OPTION_RECEIVE_TIMEOUT to 30000 milliseconds: Result = 1 0

2025-05-12::23:34:54::037	ADDL::isVersionCompatible                         :751 	DEBUG	Inside local version.json parser

2025-05-12::23:34:54::037	ADDL::isVersionCompatible                         :866 	DEBUG	Downloading a file from server: . Download destination: C:\Users\parke\AppData\Local//AMD_Common//addl_details.json

2025-05-12::23:34:54::039	ADDL::isVersionCompatible                         :986 	DEBUG	 addl version : 1.000000  --- dll has 1.000000 

2025-05-12::23:34:54::039	ADDL::validateInput                               :225 	DEBUG	 common library version  is compatible 

2025-05-12::23:34:54::039	ADDL::fillBuildInfoDetails                        :130 	DEBUG	Entered fillBuildInfo function to get the system and build details

2025-05-12::23:34:54::039	GetEligibleDriverDetailsSize                      :76  	DEBUG	BuildInfo details : is_consumer - 1, is_workstation - 0, is_win10 - 1, is_win7 - 0, is_legacy_eligible - 0,   isIcafe - 0, isFalcon - 0

2025-05-12::23:34:54::039	GetEligibleDriverDetailsSize                      :227 		INSIDE CONSUMER

2025-05-12::23:34:54::058	ADDL::ParseJSONfile                               :385 	DEBUG	file under checking C:\Users\parke\AppData\Local//AMD_Common//DrvDldDetails_Consumer_WHQL_Win10.json

2025-05-12::23:34:54::058	ADDL::checkDownloadAccelaratorEligibility         :2352	DEBUG	Download Acceleration is eligible since the physical disk is an SSD and the CPU core count is >= 4

2025-05-12::23:34:54::210	ADDL::downloadFileFromInternetIfUpdateAvaliable   :1660	DEBUG	Filesize of NewComponents.json is 25576. Modified 2025-05-08 17:42:51.000 UTC

2025-05-12::23:34:54::223	ADDL::downloadFileFromInternetIfUpdateAvaliable   :1696	DEBUG	Filesize of NewComponents.json is 25576. Modified 2025-05-08 17:42:51.000 UTC

2025-05-12::23:34:54::225	ADDL::downloadFileFromInternetIfUpdateAvaliable   :1700	DEBUG	Cached file up to date

2025-05-12::23:34:54::242	IsSmartBlurAvailableIMPL                          :2207		CheckIfToolIsAvaliable for AMD PrivacyView

2025-05-12::23:34:54::243	AdditionalApplications::CheckIfToolIsAvaliable    :665 		Check for display driver: 23 19 12 2

2025-05-12::23:34:54::243	AdditionalApplications::CheckIfToolIsAvaliable    :666 		min required driver: 22 10 0 0

2025-05-12::23:34:54::243	AdditionalApplications::CheckIfToolIsAvaliable    :667 		max required driver: 99 99 65535 65535

2025-05-12::23:34:54::304	ADDL::updateDriverInfo                            :575 	DEBUG	Deviceidcheck---success

2025-05-12::23:34:54::304	ADDL::updateDriverInfo                            :578 	DEBUG	consumer assigned recognised

2025-05-12::23:34:54::306	ADDL::constructDeploymentAcceleratorPatchURL      :661 	DEBUG	No serverIp is found

2025-05-12::23:34:54::306	ADDL::checkHeaderResponseCode                     :623 	DEBUG	hconnet - /drivers/installer/Patch/amd-software-adrenalin-edition-25.3.1-combined-BA718431-65FFCB61.exe

2025-05-12::23:34:54::970	ADDL::constructDeploymentAcceleratorPatchURL      :719 		No deployment accelerated build found for amd-software-adrenalin-edition-25.3.1-combined-BA718431-65FFCB61.exe. Status code returned: 404

2025-05-12::23:34:54::970	ADDL::updateDriverInfo                            :615 	DEBUG	DEVICE 1636-D3 is  eligible for driver to 24.30.31.03-250225a-413647C-AMD-Software-Adrenalin-Edition 

2025-05-12::23:34:54::970	ADDL::fillDriverInfoDetails                       :283 	DEBUG	Successfully downloaded the JSON file

2025-05-12::23:34:54::970	GetEligibleDriverDetailsSize                      :323 	DEBUG	Get eligible drivers size function ended

2025-05-12::23:34:54::970	GetEligibleDriverDetails                          :365 	DEBUG	Get eligible drivers started

2025-05-12::23:34:54::970	GetEligibleDriverDetails                          :375 	DEBUG	Get eligible drivers function ended

2025-05-12::23:34:56::577	getNewComponentsDetailsJsonURL                    :35  	DEBUG	No Server Ip found

2025-05-12::23:34:56::577	getNewComponentsDetailsJsonURL                    :43  	DEBUG	No Servertype found

2025-05-12::23:34:56::587	IsSmartBlurAvailableIMPL                          :2207		CheckIfToolIsAvaliable for AMD PrivacyView

2025-05-12::23:34:56::587	AdditionalApplications::CheckIfToolIsAvaliable    :665 		Check for display driver: 23 19 12 2

2025-05-12::23:34:56::588	AdditionalApplications::CheckIfToolIsAvaliable    :666 		min required driver: 22 10 0 0

2025-05-12::23:34:56::588	AdditionalApplications::CheckIfToolIsAvaliable    :667 		max required driver: 99 99 65535 65535

2025-05-12::23:35:05::128	getNewComponentsDetailsJsonURL                    :35  	DEBUG	No Server Ip found

2025-05-12::23:35:05::128	getNewComponentsDetailsJsonURL                    :43  	DEBUG	No Servertype found

2025-05-12::23:35:05::137	IsSmartBlurAvailableIMPL                          :2207		CheckIfToolIsAvaliable for AMD PrivacyView

2025-05-12::23:35:05::137	AdditionalApplications::CheckIfToolIsAvaliable    :665 		Check for display driver: 23 19 12 2

2025-05-12::23:35:05::137	AdditionalApplications::CheckIfToolIsAvaliable    :666 		min required driver: 22 10 0 0

2025-05-12::23:35:05::138	AdditionalApplications::CheckIfToolIsAvaliable    :667 		max required driver: 99 99 65535 65535

